<?xml version="1.0" encoding="UTF-8"?>
<testng-results ignored="0" total="2" passed="0" failed="2" skipped="0">
  <reporter-output>
  </reporter-output>
  <suite started-at="2024-07-02T14:40:56 KST" name="Surefire suite" finished-at="2024-07-02T14:40:56 KST" duration-ms="46">
    <groups>
      <group name="RegressionTest">
        <method signature="TestMultiplicationFunctionality.TestMultiplicationWithPositiveValues(int,int,int)[pri:1, instance:Pranodayd.CalculatorAPI.TestMultiplicationFunctionality@6a79c292]" name="TestMultiplicationWithPositiveValues" class="Pranodayd.CalculatorAPI.TestMultiplicationFunctionality"/>
        <method signature="TestSubtractionFunctionality.TestSubtractionWithPositiveNumbers()[pri:1, instance:Pranodayd.CalculatorAPI.TestSubtractionFunctionality@12405818]" name="TestSubtractionWithPositiveNumbers" class="Pranodayd.CalculatorAPI.TestSubtractionFunctionality"/>
      </group> <!-- RegressionTest -->
    </groups>
    <test started-at="2024-07-02T14:40:56 KST" name="Surefire test" finished-at="2024-07-02T14:40:56 KST" duration-ms="46">
      <class name="Pranodayd.CalculatorAPI.TestMultiplicationFunctionality">
        <test-method is-config="true" signature="init()[pri:0, instance:Pranodayd.CalculatorAPI.TestMultiplicationFunctionality@6a79c292]" started-at="2024-07-02T14:40:56 KST" name="init" finished-at="2024-07-02T14:40:56 KST" duration-ms="7" status="PASS">
          <reporter-output>
          </reporter-output>
        </test-method> <!-- init -->
        <test-method signature="TestMultiplicationWithPositiveValues(int,int,int)[pri:1, instance:Pranodayd.CalculatorAPI.TestMultiplicationFunctionality@6a79c292]" started-at="2024-07-02T14:40:56 KST" name="TestMultiplicationWithPositiveValues" finished-at="2024-07-02T14:40:56 KST" duration-ms="0" status="FAIL">
          <exception class="org.testng.TestNGException">
            <message>
              <![CDATA[
Method public void Pranodayd.CalculatorAPI.TestMultiplicationFunctionality.TestMultiplicationWithPositiveValues(int,int,int) requires a @DataProvider named : ProvidePositiveIntergerValues]]>
            </message>
            <full-stacktrace>
              <![CDATA[org.testng.TestNGException: 
Method public void Pranodayd.CalculatorAPI.TestMultiplicationFunctionality.TestMultiplicationWithPositiveValues(int,int,int) requires a @DataProvider named : ProvidePositiveIntergerValues
at org.testng.internal.Parameters.findDataProvider(Parameters.java:561)
at org.testng.internal.Parameters.handleParameters(Parameters.java:772)
at org.testng.internal.Parameters.handleParameters(Parameters.java:740)
at org.testng.internal.ParameterHandler.handleParameters(ParameterHandler.java:59)
at org.testng.internal.ParameterHandler.createParameters(ParameterHandler.java:38)
at org.testng.internal.TestInvoker$MethodInvocationAgent.invoke(TestInvoker.java:791)
at org.testng.internal.TestInvoker.invokeTestMethods(TestInvoker.java:146)
at org.testng.internal.TestMethodWorker.invokeTestMethods(TestMethodWorker.java:146)
at org.testng.internal.TestMethodWorker.run(TestMethodWorker.java:128)
at java.base/java.util.ArrayList.forEach(ArrayList.java:1511)
at org.testng.TestRunner.privateRun(TestRunner.java:794)
at org.testng.TestRunner.run(TestRunner.java:596)
at org.testng.SuiteRunner.runTest(SuiteRunner.java:377)
at org.testng.SuiteRunner.runSequentially(SuiteRunner.java:371)
at org.testng.SuiteRunner.privateRun(SuiteRunner.java:332)
at org.testng.SuiteRunner.run(SuiteRunner.java:276)
at org.testng.SuiteRunnerWorker.runSuite(SuiteRunnerWorker.java:53)
at org.testng.SuiteRunnerWorker.run(SuiteRunnerWorker.java:96)
at org.testng.TestNG.runSuitesSequentially(TestNG.java:1212)
at org.testng.TestNG.runSuitesLocally(TestNG.java:1134)
at org.testng.TestNG.runSuites(TestNG.java:1063)
at org.testng.TestNG.run(TestNG.java:1031)
at org.apache.maven.surefire.testng.TestNGExecutor.run(TestNGExecutor.java:135)
at org.apache.maven.surefire.testng.TestNGDirectoryTestSuite.executeMulti(TestNGDirectoryTestSuite.java:193)
at org.apache.maven.surefire.testng.TestNGDirectoryTestSuite.execute(TestNGDirectoryTestSuite.java:94)
at org.apache.maven.surefire.testng.TestNGProvider.invoke(TestNGProvider.java:146)
at org.apache.maven.surefire.booter.ForkedBooter.invokeProviderInSameClassLoader(ForkedBooter.java:384)
at org.apache.maven.surefire.booter.ForkedBooter.runSuitesInProcess(ForkedBooter.java:345)
at org.apache.maven.surefire.booter.ForkedBooter.execute(ForkedBooter.java:126)
at org.apache.maven.surefire.booter.ForkedBooter.main(ForkedBooter.java:418)
]]>
            </full-stacktrace>
          </exception> <!-- org.testng.TestNGException -->
          <reporter-output>
          </reporter-output>
        </test-method> <!-- TestMultiplicationWithPositiveValues -->
      </class> <!-- Pranodayd.CalculatorAPI.TestMultiplicationFunctionality -->
      <class name="Pranodayd.CalculatorAPI.TestSubtractionFunctionality">
        <test-method is-config="true" signature="Init()[pri:0, instance:Pranodayd.CalculatorAPI.TestSubtractionFunctionality@12405818]" started-at="2024-07-02T14:40:56 KST" name="Init" finished-at="2024-07-02T14:40:56 KST" duration-ms="0" status="PASS">
          <reporter-output>
          </reporter-output>
        </test-method> <!-- Init -->
        <test-method is-config="true" signature="ReInitialise()[pri:0, instance:Pranodayd.CalculatorAPI.TestSubtractionFunctionality@12405818]" started-at="2024-07-02T14:40:56 KST" name="ReInitialise" finished-at="2024-07-02T14:40:56 KST" duration-ms="0" status="PASS">
          <reporter-output>
          </reporter-output>
        </test-method> <!-- ReInitialise -->
        <test-method signature="TestSubtractionWithPositiveNumbers()[pri:1, instance:Pranodayd.CalculatorAPI.TestSubtractionFunctionality@12405818]" started-at="2024-07-02T14:40:56 KST" name="TestSubtractionWithPositiveNumbers" finished-at="2024-07-02T14:40:56 KST" duration-ms="3" status="FAIL">
          <exception class="java.lang.AssertionError">
            <message>
              <![CDATA[Subtraction does not work with 1 Positive and 1 Negative Numbers expected [60] but found [40]]]>
            </message>
            <full-stacktrace>
              <![CDATA[java.lang.AssertionError: Subtraction does not work with 1 Positive and 1 Negative Numbers expected [60] but found [40]
at org.testng.Assert.fail(Assert.java:99)
at org.testng.Assert.failNotEquals(Assert.java:1037)
at org.testng.Assert.assertEqualsImpl(Assert.java:140)
at org.testng.Assert.assertEquals(Assert.java:122)
at org.testng.Assert.assertEquals(Assert.java:907)
at Pranodayd.CalculatorAPI.TestSubtractionFunctionality.TestSubtractionWithPositiveNumbers(TestSubtractionFunctionality.java:25)
at java.base/jdk.internal.reflect.NativeMethodAccessorImpl.invoke0(Native Method)
at java.base/jdk.internal.reflect.NativeMethodAccessorImpl.invoke(NativeMethodAccessorImpl.java:77)
at java.base/jdk.internal.reflect.DelegatingMethodAccessorImpl.invoke(DelegatingMethodAccessorImpl.java:43)
at java.base/java.lang.reflect.Method.invoke(Method.java:568)
at org.testng.internal.MethodInvocationHelper.invokeMethod(MethodInvocationHelper.java:133)
at org.testng.internal.TestInvoker.invokeMethod(TestInvoker.java:598)
at org.testng.internal.TestInvoker.invokeTestMethod(TestInvoker.java:173)
at org.testng.internal.MethodRunner.runInSequence(MethodRunner.java:46)
at org.testng.internal.TestInvoker$MethodInvocationAgent.invoke(TestInvoker.java:824)
at org.testng.internal.TestInvoker.invokeTestMethods(TestInvoker.java:146)
at org.testng.internal.TestMethodWorker.invokeTestMethods(TestMethodWorker.java:146)
at org.testng.internal.TestMethodWorker.run(TestMethodWorker.java:128)
at java.base/java.util.ArrayList.forEach(ArrayList.java:1511)
at org.testng.TestRunner.privateRun(TestRunner.java:794)
at org.testng.TestRunner.run(TestRunner.java:596)
at org.testng.SuiteRunner.runTest(SuiteRunner.java:377)
at org.testng.SuiteRunner.runSequentially(SuiteRunner.java:371)
at org.testng.SuiteRunner.privateRun(SuiteRunner.java:332)
at org.testng.SuiteRunner.run(SuiteRunner.java:276)
at org.testng.SuiteRunnerWorker.runSuite(SuiteRunnerWorker.java:53)
at org.testng.SuiteRunnerWorker.run(SuiteRunnerWorker.java:96)
at org.testng.TestNG.runSuitesSequentially(TestNG.java:1212)
at org.testng.TestNG.runSuitesLocally(TestNG.java:1134)
at org.testng.TestNG.runSuites(TestNG.java:1063)
at org.testng.TestNG.run(TestNG.java:1031)
at org.apache.maven.surefire.testng.TestNGExecutor.run(TestNGExecutor.java:135)
at org.apache.maven.surefire.testng.TestNGDirectoryTestSuite.executeMulti(TestNGDirectoryTestSuite.java:193)
at org.apache.maven.surefire.testng.TestNGDirectoryTestSuite.execute(TestNGDirectoryTestSuite.java:94)
at org.apache.maven.surefire.testng.TestNGProvider.invoke(TestNGProvider.java:146)
at org.apache.maven.surefire.booter.ForkedBooter.invokeProviderInSameClassLoader(ForkedBooter.java:384)
at org.apache.maven.surefire.booter.ForkedBooter.runSuitesInProcess(ForkedBooter.java:345)
at org.apache.maven.surefire.booter.ForkedBooter.execute(ForkedBooter.java:126)
at org.apache.maven.surefire.booter.ForkedBooter.main(ForkedBooter.java:418)
]]>
            </full-stacktrace>
          </exception> <!-- java.lang.AssertionError -->
          <reporter-output>
          </reporter-output>
        </test-method> <!-- TestSubtractionWithPositiveNumbers -->
        <test-method is-config="true" signature="Teardown()[pri:0, instance:Pranodayd.CalculatorAPI.TestSubtractionFunctionality@12405818]" started-at="2024-07-02T14:40:56 KST" name="Teardown" finished-at="2024-07-02T14:40:56 KST" duration-ms="0" status="PASS">
          <reporter-output>
          </reporter-output>
        </test-method> <!-- Teardown -->
      </class> <!-- Pranodayd.CalculatorAPI.TestSubtractionFunctionality -->
    </test> <!-- Surefire test -->
  </suite> <!-- Surefire suite -->
</testng-results>
