<?xml version="1.0" encoding="UTF-8"?>
<testsuite xmlns:xsi="http://www.w3.org/2001/XMLSchema-instance" xsi:noNamespaceSchemaLocation="https://maven.apache.org/surefire/maven-surefire-plugin/xsd/surefire-test-report.xsd" name="TestSuite" time="0.441" tests="3" errors="0" skipped="0" failures="2">
  <properties>
    <property name="java.specification.version" value="17"/>
    <property name="sun.cpu.isalist" value="amd64"/>
    <property name="sun.jnu.encoding" value="MS949"/>
    <property name="java.class.path" value="D:\workspace\CalculatorAPI\target\test-classes;D:\workspace\CalculatorAPI\target\classes;C:\Users\KTDS\.m2\repository\junit\junit\4.11\junit-4.11.jar;C:\Users\KTDS\.m2\repository\org\hamcrest\hamcrest-core\1.3\hamcrest-core-1.3.jar;C:\Users\KTDS\.m2\repository\org\testng\testng\7.4.0\testng-7.4.0.jar;C:\Users\KTDS\.m2\repository\com\beust\jcommander\1.78\jcommander-1.78.jar;C:\Users\KTDS\.m2\repository\org\webjars\jquery\3.5.1\jquery-3.5.1.jar;"/>
    <property name="java.vm.vendor" value="Oracle Corporation"/>
    <property name="sun.arch.data.model" value="64"/>
    <property name="user.variant" value=""/>
    <property name="java.vendor.url" value="https://java.oracle.com/"/>
    <property name="user.timezone" value="Asia/Seoul"/>
    <property name="os.name" value="Windows 10"/>
    <property name="java.vm.specification.version" value="17"/>
    <property name="sun.java.launcher" value="SUN_STANDARD"/>
    <property name="user.country" value="KR"/>
    <property name="sun.boot.library.path" value="C:\Program Files\Java\jdk-17\bin"/>
    <property name="sun.java.command" value="C:\Users\KTDS\AppData\Local\Temp\surefire1674663013614377031\surefirebooter4657900203386710102.jar C:\Users\KTDS\AppData\Local\Temp\surefire1674663013614377031 2024-07-02T14-40-55_220-jvmRun1 surefire16775389275453571266tmp surefire_08847474820869280280tmp"/>
    <property name="jdk.debug" value="release"/>
    <property name="surefire.test.class.path" value="D:\workspace\CalculatorAPI\target\test-classes;D:\workspace\CalculatorAPI\target\classes;C:\Users\KTDS\.m2\repository\junit\junit\4.11\junit-4.11.jar;C:\Users\KTDS\.m2\repository\org\hamcrest\hamcrest-core\1.3\hamcrest-core-1.3.jar;C:\Users\KTDS\.m2\repository\org\testng\testng\7.4.0\testng-7.4.0.jar;C:\Users\KTDS\.m2\repository\com\beust\jcommander\1.78\jcommander-1.78.jar;C:\Users\KTDS\.m2\repository\org\webjars\jquery\3.5.1\jquery-3.5.1.jar;"/>
    <property name="sun.cpu.endian" value="little"/>
    <property name="user.home" value="C:\Users\KTDS"/>
    <property name="user.language" value="ko"/>
    <property name="java.specification.vendor" value="Oracle Corporation"/>
    <property name="java.version.date" value="2024-04-16"/>
    <property name="java.home" value="C:\Program Files\Java\jdk-17"/>
    <property name="file.separator" value="\"/>
    <property name="basedir" value="D:\workspace\CalculatorAPI"/>
    <property name="java.vm.compressedOopsMode" value="Zero based"/>
    <property name="line.separator" value="&#10;"/>
    <property name="java.vm.specification.vendor" value="Oracle Corporation"/>
    <property name="java.specification.name" value="Java Platform API Specification"/>
    <property name="surefire.real.class.path" value="C:\Users\KTDS\AppData\Local\Temp\surefire1674663013614377031\surefirebooter4657900203386710102.jar"/>
    <property name="user.script" value=""/>
    <property name="sun.management.compiler" value="HotSpot 64-Bit Tiered Compilers"/>
    <property name="java.runtime.version" value="17.0.11+7-LTS-207"/>
    <property name="user.name" value="KTDS"/>
    <property name="path.separator" value=";"/>
    <property name="os.version" value="10.0"/>
    <property name="java.runtime.name" value="Java(TM) SE Runtime Environment"/>
    <property name="file.encoding" value="MS949"/>
    <property name="java.vm.name" value="Java HotSpot(TM) 64-Bit Server VM"/>
    <property name="localRepository" value="C:\Users\KTDS\.m2\repository"/>
    <property name="java.vendor.url.bug" value="https://bugreport.java.com/bugreport/"/>
    <property name="java.io.tmpdir" value="C:\Users\KTDS\AppData\Local\Temp\"/>
    <property name="java.version" value="17.0.11"/>
    <property name="user.dir" value="D:\workspace\CalculatorAPI"/>
    <property name="os.arch" value="amd64"/>
    <property name="java.vm.specification.name" value="Java Virtual Machine Specification"/>
    <property name="sun.os.patch.level" value=""/>
    <property name="native.encoding" value="MS949"/>
    <property name="java.library.path" value="C:\Program Files\Java\jdk-17\bin;C:\Windows\Sun\Java\bin;C:\Windows\system32;C:\Windows;C:\Program Files\Java\jdk-17\bin;D:\apache-maven-3.8.7\bin;C:\Program Files\gradle-7.5\bin;C:\Program Files\Common Files\Oracle\Java\javapath;C:\Windows\system32;C:\Windows;C:\Windows\System32\Wbem;C:\Windows\System32\WindowsPowerShell\v1.0\;C:\Windows\System32\OpenSSH\;C:\Program Files\Git\cmd;C:\Users\KTDS\AppData\Local\Microsoft\WindowsApps;C:\Program Files\Bandizip\7z;C:\Program Files\JetBrains\IntelliJ IDEA 2024.1.4\bin;."/>
    <property name="java.vm.info" value="mixed mode, sharing"/>
    <property name="java.vendor" value="Oracle Corporation"/>
    <property name="java.vm.version" value="17.0.11+7-LTS-207"/>
    <property name="sun.io.unicode.encoding" value="UnicodeLittle"/>
    <property name="java.class.version" value="61.0"/>
  </properties>
  <testcase name="TestMultiplicationWithPositiveValues" classname="Pranodayd.CalculatorAPI.TestMultiplicationFunctionality" time="0.244">
    <failure message="&#10;Method public void Pranodayd.CalculatorAPI.TestMultiplicationFunctionality.TestMultiplicationWithPositiveValues(int,int,int) requires a @DataProvider named : ProvidePositiveIntergerValues" type="org.testng.TestNGException">org.testng.TestNGException: 

Method public void Pranodayd.CalculatorAPI.TestMultiplicationFunctionality.TestMultiplicationWithPositiveValues(int,int,int) requires a @DataProvider named : ProvidePositiveIntergerValues
</failure>
    <system-err><![CDATA[[Utils] [ERROR] [Error] org.testng.TestNGException: 
Method public void Pranodayd.CalculatorAPI.TestMultiplicationFunctionality.TestMultiplicationWithPositiveValues(int,int,int) requires a @DataProvider named : ProvidePositiveIntergerValues
	at org.testng.internal.Parameters.findDataProvider(Parameters.java:561)
	at org.testng.internal.Parameters.handleParameters(Parameters.java:772)
	at org.testng.internal.Parameters.handleParameters(Parameters.java:740)
	at org.testng.internal.ParameterHandler.handleParameters(ParameterHandler.java:59)
	at org.testng.internal.ParameterHandler.createParameters(ParameterHandler.java:38)
	at org.testng.internal.TestInvoker$MethodInvocationAgent.invoke(TestInvoker.java:791)
	at org.testng.internal.TestInvoker.invokeTestMethods(TestInvoker.java:146)
	at org.testng.internal.TestMethodWorker.invokeTestMethods(TestMethodWorker.java:146)
	at org.testng.internal.TestMethodWorker.run(TestMethodWorker.java:128)
	at java.base/java.util.ArrayList.forEach(ArrayList.java:1511)
	at org.testng.TestRunner.privateRun(TestRunner.java:794)
	at org.testng.TestRunner.run(TestRunner.java:596)
	at org.testng.SuiteRunner.runTest(SuiteRunner.java:377)
	at org.testng.SuiteRunner.runSequentially(SuiteRunner.java:371)
	at org.testng.SuiteRunner.privateRun(SuiteRunner.java:332)
	at org.testng.SuiteRunner.run(SuiteRunner.java:276)
	at org.testng.SuiteRunnerWorker.runSuite(SuiteRunnerWorker.java:53)
	at org.testng.SuiteRunnerWorker.run(SuiteRunnerWorker.java:96)
	at org.testng.TestNG.runSuitesSequentially(TestNG.java:1212)
	at org.testng.TestNG.runSuitesLocally(TestNG.java:1134)
	at org.testng.TestNG.runSuites(TestNG.java:1063)
	at org.testng.TestNG.run(TestNG.java:1031)
	at org.apache.maven.surefire.testng.TestNGExecutor.run(TestNGExecutor.java:135)
	at org.apache.maven.surefire.testng.TestNGDirectoryTestSuite.executeMulti(TestNGDirectoryTestSuite.java:193)
	at org.apache.maven.surefire.testng.TestNGDirectoryTestSuite.execute(TestNGDirectoryTestSuite.java:94)
	at org.apache.maven.surefire.testng.TestNGProvider.invoke(TestNGProvider.java:146)
	at org.apache.maven.surefire.booter.ForkedBooter.invokeProviderInSameClassLoader(ForkedBooter.java:384)
	at org.apache.maven.surefire.booter.ForkedBooter.runSuitesInProcess(ForkedBooter.java:345)
	at org.apache.maven.surefire.booter.ForkedBooter.execute(ForkedBooter.java:126)
	at org.apache.maven.surefire.booter.ForkedBooter.main(ForkedBooter.java:418)

]]></system-err>
  </testcase>
  <testcase name="TestSubtractionWithPositiveNumbers" classname="Pranodayd.CalculatorAPI.TestSubtractionFunctionality" time="0.004">
    <failure message="Subtraction does not work with 1 Positive and 1 Negative Numbers expected [60] but found [40]" type="java.lang.AssertionError">java.lang.AssertionError: Subtraction does not work with 1 Positive and 1 Negative Numbers expected [60] but found [40]
	at Pranodayd.CalculatorAPI.TestSubtractionFunctionality.TestSubtractionWithPositiveNumbers(TestSubtractionFunctionality.java:25)
</failure>
  </testcase>
  <testcase name="shouldAnswerWithTrue on shouldAnswerWithTrue(Pranodayd.CalculatorAPI.AppTest)" classname="Pranodayd.CalculatorAPI.AppTest" time="0.001"/>
</testsuite>